[INFO] Scanning for projects...
[WARNING] 
[WARNING] Some problems were encountered while building the effective model for com.example:shop-backend:jar:0.0.1-SNAPSHOT
[WARNING] 'dependencies.dependency.(groupId:artifactId:type:classifier)' must be unique: com.h2database:h2:jar -> duplicate declaration of version (?) @ line 112, column 21
[WARNING] 
[WARNING] It is highly recommended to fix these problems because they threaten the stability of your build.
[WARNING] 
[WARNING] For this reason, future Maven versions might no longer support building such malformed projects.
[WARNING] 
[INFO] 
[INFO] ----------------------< com.example:shop-backend >----------------------
[INFO] Building shop-backend 0.0.1-SNAPSHOT
[INFO]   from pom.xml
[INFO] --------------------------------[ jar ]---------------------------------
[INFO] 
[INFO] --- clean:3.3.2:clean (default-clean) @ shop-backend ---
[INFO] Deleting C:\Users\ashmi\Desktop\SpringBoot_Project\shop-backend\target
[INFO] 
[INFO] >>> spring-boot:3.3.3:run (default-cli) > test-compile @ shop-backend >>>
[INFO] 
[INFO] --- resources:3.3.1:resources (default-resources) @ shop-backend ---
[INFO] Copying 2 resources from src\main\resources to target\classes
[INFO] Copying 0 resource from src\main\resources to target\classes
[INFO] 
[INFO] --- compiler:3.13.0:compile (default-compile) @ shop-backend ---
[INFO] Recompiling the module because of changed source code.
[INFO] Compiling 61 source files with javac [debug parameters release 17] to target\classes
[INFO] Annotation processing is enabled because one or more processors were found
  on the class path. A future release of javac may disable annotation processing
  unless at least one processor is specified by name (-processor), or a search
  path is specified (--processor-path, --processor-module-path), or annotation
  processing is enabled explicitly (-proc:only, -proc:full).
  Use -Xlint:-options to suppress this message.
  Use -proc:none to disable annotation processing.
[WARNING] /C:/Users/ashmi/Desktop/SpringBoot_Project/shop-backend/src/main/java/com/example/shop/dto/AuthResponse.java:[17,20] @Builder will ignore the initializing expression entirely. If you want the initializing expression to serve as default, add @Builder.Default. If it is not supposed to be settable during building, make the field final.
[WARNING] /C:/Users/ashmi/Desktop/SpringBoot_Project/shop-backend/src/main/java/com/example/shop/model/Product.java:[55,21] @Builder will ignore the initializing expression entirely. If you want the initializing expression to serve as default, add @Builder.Default. If it is not supposed to be settable during building, make the field final.
[WARNING] /C:/Users/ashmi/Desktop/SpringBoot_Project/shop-backend/src/main/java/com/example/shop/model/User.java:[64,23] @Builder will ignore the initializing expression entirely. If you want the initializing expression to serve as default, add @Builder.Default. If it is not supposed to be settable during building, make the field final.
[WARNING] /C:/Users/ashmi/Desktop/SpringBoot_Project/shop-backend/src/main/java/com/example/shop/model/Cart.java:[43,28] @Builder will ignore the initializing expression entirely. If you want the initializing expression to serve as default, add @Builder.Default. If it is not supposed to be settable during building, make the field final.
[WARNING] /C:/Users/ashmi/Desktop/SpringBoot_Project/shop-backend/src/main/java/com/example/shop/model/Category.java:[43,21] @Builder will ignore the initializing expression entirely. If you want the initializing expression to serve as default, add @Builder.Default. If it is not supposed to be settable during building, make the field final.
[WARNING] /C:/Users/ashmi/Desktop/SpringBoot_Project/shop-backend/src/main/java/com/example/shop/model/Order.java:[46,29] @Builder will ignore the initializing expression entirely. If you want the initializing expression to serve as default, add @Builder.Default. If it is not supposed to be settable during building, make the field final.
[INFO] /C:/Users/ashmi/Desktop/SpringBoot_Project/shop-backend/src/main/java/com/example/shop/util/JwtUtil.java: C:\Users\ashmi\Desktop\SpringBoot_Project\shop-backend\src\main\java\com\example\shop\util\JwtUtil.java uses or overrides a deprecated API.
[INFO] /C:/Users/ashmi/Desktop/SpringBoot_Project/shop-backend/src/main/java/com/example/shop/util/JwtUtil.java: Recompile with -Xlint:deprecation for details.
[INFO] 
[INFO] --- resources:3.3.1:testResources (default-testResources) @ shop-backend ---
[INFO] Copying 1 resource from src\test\resources to target\test-classes
[INFO] 
[INFO] --- compiler:3.13.0:testCompile (default-testCompile) @ shop-backend ---
[INFO] Recompiling the module because of changed dependency.
[INFO] Compiling 12 source files with javac [debug parameters release 17] to target\test-classes
[INFO] Annotation processing is enabled because one or more processors were found
  on the class path. A future release of javac may disable annotation processing
  unless at least one processor is specified by name (-processor), or a search
  path is specified (--processor-path, --processor-module-path), or annotation
  processing is enabled explicitly (-proc:only, -proc:full).
  Use -Xlint:-options to suppress this message.
  Use -proc:none to disable annotation processing.
[INFO] -------------------------------------------------------------
[ERROR] COMPILATION ERROR : 
[INFO] -------------------------------------------------------------
[ERROR] /C:/Users/ashmi/Desktop/SpringBoot_Project/shop-backend/src/test/java/com/example/shop/controller/AuthControllerTest.java:[17,57] package org.springframework.security.test.context.support does not exist
[ERROR] /C:/Users/ashmi/Desktop/SpringBoot_Project/shop-backend/src/test/java/com/example/shop/controller/AuthControllerTest.java:[25,68] package org.springframework.security.test.web.servlet.request does not exist
[ERROR] /C:/Users/ashmi/Desktop/SpringBoot_Project/shop-backend/src/test/java/com/example/shop/controller/AuthControllerTest.java:[25,1] static import only from classes and interfaces
[ERROR] /C:/Users/ashmi/Desktop/SpringBoot_Project/shop-backend/src/test/java/com/example/shop/controller/ProductControllerTest.java:[14,57] package org.springframework.security.test.context.support does not exist
[ERROR] /C:/Users/ashmi/Desktop/SpringBoot_Project/shop-backend/src/test/java/com/example/shop/controller/ProductControllerTest.java:[24,68] package org.springframework.security.test.web.servlet.request does not exist
[ERROR] /C:/Users/ashmi/Desktop/SpringBoot_Project/shop-backend/src/test/java/com/example/shop/controller/ProductControllerTest.java:[24,1] static import only from classes and interfaces
[ERROR] /C:/Users/ashmi/Desktop/SpringBoot_Project/shop-backend/src/test/java/com/example/shop/exception/GlobalExceptionHandlerTest.java:[16,68] package org.springframework.security.test.web.servlet.request does not exist
[ERROR] /C:/Users/ashmi/Desktop/SpringBoot_Project/shop-backend/src/test/java/com/example/shop/exception/GlobalExceptionHandlerTest.java:[16,1] static import only from classes and interfaces
[ERROR] /C:/Users/ashmi/Desktop/SpringBoot_Project/shop-backend/src/test/java/com/example/shop/controller/AuthControllerTest.java:[96,6] cannot find symbol
  symbol:   class WithMockUser
  location: class com.example.shop.controller.AuthControllerTest
[ERROR] /C:/Users/ashmi/Desktop/SpringBoot_Project/shop-backend/src/test/java/com/example/shop/controller/ProductControllerTest.java:[90,6] cannot find symbol
  symbol:   class WithMockUser
  location: class com.example.shop.controller.ProductControllerTest
[ERROR] /C:/Users/ashmi/Desktop/SpringBoot_Project/shop-backend/src/test/java/com/example/shop/controller/ProductControllerTest.java:[117,6] cannot find symbol
  symbol:   class WithMockUser
  location: class com.example.shop.controller.ProductControllerTest
[INFO] 11 errors 
[INFO] -------------------------------------------------------------
[INFO] ------------------------------------------------------------------------
[INFO] BUILD FAILURE
[INFO] ------------------------------------------------------------------------
[INFO] Total time:  21.497 s
[INFO] Finished at: 2026-01-18T21:44:10+05:30
[INFO] ------------------------------------------------------------------------
[ERROR] Failed to execute goal org.apache.maven.plugins:maven-compiler-plugin:3.13.0:testCompile (default-testCompile) on project shop-backend: Compilation failure: Compilation failure: 
[ERROR] /C:/Users/ashmi/Desktop/SpringBoot_Project/shop-backend/src/test/java/com/example/shop/controller/AuthControllerTest.java:[17,57] package org.springframework.security.test.context.support does not exist
[ERROR] /C:/Users/ashmi/Desktop/SpringBoot_Project/shop-backend/src/test/java/com/example/shop/controller/AuthControllerTest.java:[25,68] package org.springframework.security.test.web.servlet.request does not exist
[ERROR] /C:/Users/ashmi/Desktop/SpringBoot_Project/shop-backend/src/test/java/com/example/shop/controller/AuthControllerTest.java:[25,1] static import only from classes and interfaces
[ERROR] /C:/Users/ashmi/Desktop/SpringBoot_Project/shop-backend/src/test/java/com/example/shop/controller/ProductControllerTest.java:[14,57] package org.springframework.security.test.context.support does not exist
[ERROR] /C:/Users/ashmi/Desktop/SpringBoot_Project/shop-backend/src/test/java/com/example/shop/controller/ProductControllerTest.java:[24,68] package org.springframework.security.test.web.servlet.request does not exist
[ERROR] /C:/Users/ashmi/Desktop/SpringBoot_Project/shop-backend/src/test/java/com/example/shop/controller/ProductControllerTest.java:[24,1] static import only from classes and interfaces
[ERROR] /C:/Users/ashmi/Desktop/SpringBoot_Project/shop-backend/src/test/java/com/example/shop/exception/GlobalExceptionHandlerTest.java:[16,68] package org.springframework.security.test.web.servlet.request does not exist
[ERROR] /C:/Users/ashmi/Desktop/SpringBoot_Project/shop-backend/src/test/java/com/example/shop/exception/GlobalExceptionHandlerTest.java:[16,1] static import only from classes and interfaces
[ERROR] /C:/Users/ashmi/Desktop/SpringBoot_Project/shop-backend/src/test/java/com/example/shop/controller/AuthControllerTest.java:[96,6] cannot find symbol
[ERROR]   symbol:   class WithMockUser
[ERROR]   location: class com.example.shop.controller.AuthControllerTest
[ERROR] /C:/Users/ashmi/Desktop/SpringBoot_Project/shop-backend/src/test/java/com/example/shop/controller/ProductControllerTest.java:[90,6] cannot find symbol
[ERROR]   symbol:   class WithMockUser
[ERROR]   location: class com.example.shop.controller.ProductControllerTest
[ERROR] /C:/Users/ashmi/Desktop/SpringBoot_Project/shop-backend/src/test/java/com/example/shop/controller/ProductControllerTest.java:[117,6] cannot find symbol
[ERROR]   symbol:   class WithMockUser
[ERROR]   location: class com.example.shop.controller.ProductControllerTest
[ERROR] -> [Help 1]
[ERROR] 
[ERROR] To see the full stack trace of the errors, re-run Maven with the -e switch.
[ERROR] Re-run Maven using the -X switch to enable full debug logging.
[ERROR] 
[ERROR] For more information about the errors and possible solutions, please read the following articles:
[ERROR] [Help 1] http://cwiki.apache.org/confluence/display/MAVEN/MojoFailureException
